<html>
<head>
<title>TestNG:  Command line test</title>
<link href="../testng.css" rel="stylesheet" type="text/css" />
<link href="../my-testng.css" rel="stylesheet" type="text/css" />

<style type="text/css">
.log { display: none;} 
.stack-trace { display: none;} 
</style>
<script type="text/javascript">
<!--
function flip(e) {
  current = e.style.display;
  if (current == 'block') {
    e.style.display = 'none';
    return 0;
  }
  else {
    e.style.display = 'block';
    return 1;
  }
}

function toggleBox(szDivId, elem, msg1, msg2)
{
  var res = -1;  if (document.getElementById) {
    res = flip(document.getElementById(szDivId));
  }
  else if (document.all) {
    // this is the way old msie versions work
    res = flip(document.all[szDivId]);
  }
  if(elem) {
    if(res == 0) elem.innerHTML = msg1; else elem.innerHTML = msg2;
  }

}

function toggleAllBoxes() {
  if (document.getElementsByTagName) {
    d = document.getElementsByTagName('div');
    for (i = 0; i < d.length; i++) {
      if (d[i].className == 'log') {
        flip(d[i]);
      }
    }
  }
}

// -->
</script>

</head>
<body>
<h2 align='center'>Command line test</h2><table border='1' align="center">
<tr>
<td>Tests passed/Failed/Skipped:</td><td>33/1/2</td>
</tr><tr>
<td>Started on:</td><td>Fri Apr 19 21:53:51 EEST 2013</td>
</tr>
<tr><td>Total time:</td><td>0 seconds (251 ms)</td>
</tr><tr>
<td>Included groups:</td><td></td>
</tr><tr>
<td>Excluded groups:</td><td></td>
</tr>
</table><p/>
<small><i>(Hover the method name to see the test class name)</i></small><p/>
<table width='100%' border='1' class='invocation-failed'>
<tr><td colspan='4' align='center'><b>FAILED CONFIGURATIONS</b></td></tr>
<tr><td><b>Test method</b></td>
<td width="30%"><b>Exception</b></td>
<td width="10%"><b>Time (seconds)</b></td>
<td><b>Instance</b></td>
</tr>
<tr>
<td title='com.sysgears.calculatorserver.kernell.cache.UTestSaveLoadCache.createTestFile()'><b>createTestFile</b><br>Test class: com.sysgears.calculatorserver.kernell.cache.UTestSaveLoadCache</td>
<td><div><pre>java.io.IOException: No such file or directory
	at java.io.UnixFileSystem.createFileExclusively(Native Method)
	at java.io.File.createNewFile(File.java:947)
	at com.sysgears.calculatorserver.kernell.cache.UTestSaveLoadCache.createTestFile(UTestSaveLoadCache.java:26)
	at org.apache.maven.surefire.testng.TestNGExecutor.run(TestNGExecutor.java:76)
	at org.apache.maven.surefire.testng.TestNGDirectoryTestSuite.executeMulti(TestNGDirectoryTestSuite.java:161)
	at org.apache.maven.surefire.testng.TestNGDirectoryTestSuite.execute(TestNGDirectoryTestSuite.java:101)
	at org.apache.maven.surefire.testng.TestNGProvider.invoke(TestNGProvider.java:115)
	at org.apache.maven.surefire.util.ReflectionUtils.invokeMethodWithArray(ReflectionUtils.java:189)
	at org.apache.maven.surefire.booter.ProviderFactory$ProviderProxy.invoke(ProviderFactory.java:165)
	at org.apache.maven.surefire.booter.ProviderFactory.invokeProvider(ProviderFactory.java:85)
	at org.apache.maven.surefire.booter.ForkedBooter.runSuitesInProcess(ForkedBooter.java:103)
	at org.apache.maven.surefire.booter.ForkedBooter.main(ForkedBooter.java:74)
... Removed 26 stack frames</pre></div><a href='#' onClick='toggleBox("stack-trace1410405608", this, "Click to show all stack frames", "Click to hide stack frames")'>Click to show all stack frames</a>
<div class='stack-trace' id='stack-trace1410405608'><pre>java.io.IOException: No such file or directory
	at java.io.UnixFileSystem.createFileExclusively(Native Method)
	at java.io.File.createNewFile(File.java:947)
	at com.sysgears.calculatorserver.kernell.cache.UTestSaveLoadCache.createTestFile(UTestSaveLoadCache.java:26)
	at sun.reflect.NativeMethodAccessorImpl.invoke0(Native Method)
	at sun.reflect.NativeMethodAccessorImpl.invoke(NativeMethodAccessorImpl.java:57)
	at sun.reflect.DelegatingMethodAccessorImpl.invoke(DelegatingMethodAccessorImpl.java:43)
	at java.lang.reflect.Method.invoke(Method.java:601)
	at org.testng.internal.MethodInvocationHelper.invokeMethod(MethodInvocationHelper.java:80)
	at org.testng.internal.Invoker.invokeConfigurationMethod(Invoker.java:525)
	at org.testng.internal.Invoker.invokeConfigurations(Invoker.java:202)
	at org.testng.internal.Invoker.invokeConfigurations(Invoker.java:130)
	at org.testng.internal.TestMethodWorker.invokeBeforeClassMethods(TestMethodWorker.java:173)
	at org.testng.internal.TestMethodWorker.run(TestMethodWorker.java:105)
	at org.testng.TestRunner.runWorkers(TestRunner.java:1178)
	at org.testng.TestRunner.privateRun(TestRunner.java:757)
	at org.testng.TestRunner.run(TestRunner.java:608)
	at org.testng.SuiteRunner.runTest(SuiteRunner.java:334)
	at org.testng.SuiteRunner.runSequentially(SuiteRunner.java:329)
	at org.testng.SuiteRunner.privateRun(SuiteRunner.java:291)
	at org.testng.SuiteRunner.run(SuiteRunner.java:240)
	at org.testng.SuiteRunnerWorker.runSuite(SuiteRunnerWorker.java:52)
	at org.testng.SuiteRunnerWorker.run(SuiteRunnerWorker.java:86)
	at org.testng.TestNG.runSuitesSequentially(TestNG.java:1158)
	at org.testng.TestNG.runSuitesLocally(TestNG.java:1083)
	at org.testng.TestNG.run(TestNG.java:999)
	at org.apache.maven.surefire.testng.TestNGExecutor.run(TestNGExecutor.java:76)
	at org.apache.maven.surefire.testng.TestNGDirectoryTestSuite.executeMulti(TestNGDirectoryTestSuite.java:161)
	at org.apache.maven.surefire.testng.TestNGDirectoryTestSuite.execute(TestNGDirectoryTestSuite.java:101)
	at org.apache.maven.surefire.testng.TestNGProvider.invoke(TestNGProvider.java:115)
	at sun.reflect.NativeMethodAccessorImpl.invoke0(Native Method)
	at sun.reflect.NativeMethodAccessorImpl.invoke(NativeMethodAccessorImpl.java:57)
	at sun.reflect.DelegatingMethodAccessorImpl.invoke(DelegatingMethodAccessorImpl.java:43)
	at java.lang.reflect.Method.invoke(Method.java:601)
	at org.apache.maven.surefire.util.ReflectionUtils.invokeMethodWithArray(ReflectionUtils.java:189)
	at org.apache.maven.surefire.booter.ProviderFactory$ProviderProxy.invoke(ProviderFactory.java:165)
	at org.apache.maven.surefire.booter.ProviderFactory.invokeProvider(ProviderFactory.java:85)
	at org.apache.maven.surefire.booter.ForkedBooter.runSuitesInProcess(ForkedBooter.java:103)
	at org.apache.maven.surefire.booter.ForkedBooter.main(ForkedBooter.java:74)
</pre></div></td>
<td>0</td>
<td>com.sysgears.calculatorserver.kernell.cache.UTestSaveLoadCache@22a34435</td></tr>
</table><p>
<table width='100%' border='1' class='invocation-skipped'>
<tr><td colspan='4' align='center'><b>SKIPPED CONFIGURATIONS</b></td></tr>
<tr><td><b>Test method</b></td>
<td width="30%"><b>Exception</b></td>
<td width="10%"><b>Time (seconds)</b></td>
<td><b>Instance</b></td>
</tr>
<tr>
<td title='com.sysgears.calculatorserver.kernell.cache.UTestSaveLoadCache.beforeMethod()'><b>beforeMethod</b><br>Test class: com.sysgears.calculatorserver.kernell.cache.UTestSaveLoadCache</td>
<td></td>
<td>0</td>
<td>com.sysgears.calculatorserver.kernell.cache.UTestSaveLoadCache@22a34435</td></tr>
<tr>
<td title='com.sysgears.calculatorserver.kernell.cache.UTestSaveLoadCache.beforeMethod()'><b>beforeMethod</b><br>Test class: com.sysgears.calculatorserver.kernell.cache.UTestSaveLoadCache</td>
<td></td>
<td>0</td>
<td>com.sysgears.calculatorserver.kernell.cache.UTestSaveLoadCache@22a34435</td></tr>
<tr>
<td title='com.sysgears.calculatorserver.kernell.cache.UTestSaveLoadCache.afterMethod()'><b>afterMethod</b><br>Test class: com.sysgears.calculatorserver.kernell.cache.UTestSaveLoadCache</td>
<td></td>
<td>0</td>
<td>com.sysgears.calculatorserver.kernell.cache.UTestSaveLoadCache@22a34435</td></tr>
<tr>
<td title='com.sysgears.calculatorserver.kernell.cache.UTestSaveLoadCache.afterMethod()'><b>afterMethod</b><br>Test class: com.sysgears.calculatorserver.kernell.cache.UTestSaveLoadCache</td>
<td></td>
<td>0</td>
<td>com.sysgears.calculatorserver.kernell.cache.UTestSaveLoadCache@22a34435</td></tr>
</table><p>
<table width='100%' border='1' class='invocation-failed'>
<tr><td colspan='4' align='center'><b>FAILED TESTS</b></td></tr>
<tr><td><b>Test method</b></td>
<td width="30%"><b>Exception</b></td>
<td width="10%"><b>Time (seconds)</b></td>
<td><b>Instance</b></td>
</tr>
<tr>
<td title='com.sysgears.calculatorserver.kernell.cache.UTestCache.testLoadCache()'><b>testLoadCache</b><br>Test class: com.sysgears.calculatorserver.kernell.cache.UTestCache</td>
<td><div><pre>java.lang.AssertionError: expected:&lt;3.0&gt; but was:&lt;null&gt;
	at com.sysgears.calculatorserver.kernell.cache.UTestCache.testLoadCache(UTestCache.java:86)
	at org.apache.maven.surefire.testng.TestNGExecutor.run(TestNGExecutor.java:76)
	at org.apache.maven.surefire.testng.TestNGDirectoryTestSuite.executeMulti(TestNGDirectoryTestSuite.java:161)
	at org.apache.maven.surefire.testng.TestNGDirectoryTestSuite.execute(TestNGDirectoryTestSuite.java:101)
	at org.apache.maven.surefire.testng.TestNGProvider.invoke(TestNGProvider.java:115)
	at org.apache.maven.surefire.util.ReflectionUtils.invokeMethodWithArray(ReflectionUtils.java:189)
	at org.apache.maven.surefire.booter.ProviderFactory$ProviderProxy.invoke(ProviderFactory.java:165)
	at org.apache.maven.surefire.booter.ProviderFactory.invokeProvider(ProviderFactory.java:85)
	at org.apache.maven.surefire.booter.ForkedBooter.runSuitesInProcess(ForkedBooter.java:103)
	at org.apache.maven.surefire.booter.ForkedBooter.main(ForkedBooter.java:74)
... Removed 30 stack frames</pre></div><a href='#' onClick='toggleBox("stack-trace1586276963", this, "Click to show all stack frames", "Click to hide stack frames")'>Click to show all stack frames</a>
<div class='stack-trace' id='stack-trace1586276963'><pre>java.lang.AssertionError: expected:&lt;3.0&gt; but was:&lt;null&gt;
	at org.testng.Assert.fail(Assert.java:89)
	at org.testng.Assert.failNotEquals(Assert.java:489)
	at org.testng.Assert.assertEquals(Assert.java:118)
	at org.testng.Assert.assertEquals(Assert.java:160)
	at com.sysgears.calculatorserver.kernell.cache.UTestCache.testLoadCache(UTestCache.java:86)
	at sun.reflect.NativeMethodAccessorImpl.invoke0(Native Method)
	at sun.reflect.NativeMethodAccessorImpl.invoke(NativeMethodAccessorImpl.java:57)
	at sun.reflect.DelegatingMethodAccessorImpl.invoke(DelegatingMethodAccessorImpl.java:43)
	at java.lang.reflect.Method.invoke(Method.java:601)
	at org.testng.internal.MethodInvocationHelper.invokeMethod(MethodInvocationHelper.java:80)
	at org.testng.internal.Invoker.invokeMethod(Invoker.java:673)
	at org.testng.internal.Invoker.invokeTestMethod(Invoker.java:842)
	at org.testng.internal.Invoker.invokeTestMethods(Invoker.java:1166)
	at org.testng.internal.TestMethodWorker.invokeTestMethods(TestMethodWorker.java:125)
	at org.testng.internal.TestMethodWorker.run(TestMethodWorker.java:109)
	at org.testng.TestRunner.runWorkers(TestRunner.java:1178)
	at org.testng.TestRunner.privateRun(TestRunner.java:757)
	at org.testng.TestRunner.run(TestRunner.java:608)
	at org.testng.SuiteRunner.runTest(SuiteRunner.java:334)
	at org.testng.SuiteRunner.runSequentially(SuiteRunner.java:329)
	at org.testng.SuiteRunner.privateRun(SuiteRunner.java:291)
	at org.testng.SuiteRunner.run(SuiteRunner.java:240)
	at org.testng.SuiteRunnerWorker.runSuite(SuiteRunnerWorker.java:52)
	at org.testng.SuiteRunnerWorker.run(SuiteRunnerWorker.java:86)
	at org.testng.TestNG.runSuitesSequentially(TestNG.java:1158)
	at org.testng.TestNG.runSuitesLocally(TestNG.java:1083)
	at org.testng.TestNG.run(TestNG.java:999)
	at org.apache.maven.surefire.testng.TestNGExecutor.run(TestNGExecutor.java:76)
	at org.apache.maven.surefire.testng.TestNGDirectoryTestSuite.executeMulti(TestNGDirectoryTestSuite.java:161)
	at org.apache.maven.surefire.testng.TestNGDirectoryTestSuite.execute(TestNGDirectoryTestSuite.java:101)
	at org.apache.maven.surefire.testng.TestNGProvider.invoke(TestNGProvider.java:115)
	at sun.reflect.NativeMethodAccessorImpl.invoke0(Native Method)
	at sun.reflect.NativeMethodAccessorImpl.invoke(NativeMethodAccessorImpl.java:57)
	at sun.reflect.DelegatingMethodAccessorImpl.invoke(DelegatingMethodAccessorImpl.java:43)
	at java.lang.reflect.Method.invoke(Method.java:601)
	at org.apache.maven.surefire.util.ReflectionUtils.invokeMethodWithArray(ReflectionUtils.java:189)
	at org.apache.maven.surefire.booter.ProviderFactory$ProviderProxy.invoke(ProviderFactory.java:165)
	at org.apache.maven.surefire.booter.ProviderFactory.invokeProvider(ProviderFactory.java:85)
	at org.apache.maven.surefire.booter.ForkedBooter.runSuitesInProcess(ForkedBooter.java:103)
	at org.apache.maven.surefire.booter.ForkedBooter.main(ForkedBooter.java:74)
</pre></div></td>
<td>0</td>
<td>com.sysgears.calculatorserver.kernell.cache.UTestCache@43d248b4</td></tr>
</table><p>
<table width='100%' border='1' class='invocation-passed'>
<tr><td colspan='4' align='center'><b>PASSED TESTS</b></td></tr>
<tr><td><b>Test method</b></td>
<td width="30%"><b>Exception</b></td>
<td width="10%"><b>Time (seconds)</b></td>
<td><b>Instance</b></td>
</tr>
<tr>
<td title='com.sysgears.calculatorserver.kernell.calculation.UTestCalculator.bracketsCalculateTest()'><b>bracketsCalculateTest</b><br>Test class: com.sysgears.calculatorserver.kernell.calculation.UTestCalculator</td>
<td></td>
<td>0</td>
<td>com.sysgears.calculatorserver.kernell.calculation.UTestCalculator@72039954</td></tr>
<tr>
<td title='com.sysgears.calculatorserver.kernell.calculation.UTestCalculator.calculateStatementErrorExceptionTest()'><b>calculateStatementErrorExceptionTest</b><br>Test class: com.sysgears.calculatorserver.kernell.calculation.UTestCalculator</td>
<td><div><pre>Statement error

	at com.sysgears.calculatorserver.kernell.calculation.Calculator.calculate(Calculator.java:47)
	at com.sysgears.calculatorserver.kernell.calculation.UTestCalculator.calculateStatementErrorExceptionTest(UTestCalculator.java:121)
	at org.apache.maven.surefire.testng.TestNGExecutor.run(TestNGExecutor.java:76)
	at org.apache.maven.surefire.testng.TestNGDirectoryTestSuite.executeMulti(TestNGDirectoryTestSuite.java:161)
	at org.apache.maven.surefire.testng.TestNGDirectoryTestSuite.execute(TestNGDirectoryTestSuite.java:101)
	at org.apache.maven.surefire.testng.TestNGProvider.invoke(TestNGProvider.java:115)
	at org.apache.maven.surefire.util.ReflectionUtils.invokeMethodWithArray(ReflectionUtils.java:189)
	at org.apache.maven.surefire.booter.ProviderFactory$ProviderProxy.invoke(ProviderFactory.java:165)
	at org.apache.maven.surefire.booter.ProviderFactory.invokeProvider(ProviderFactory.java:85)
	at org.apache.maven.surefire.booter.ForkedBooter.runSuitesInProcess(ForkedBooter.java:103)
	at org.apache.maven.surefire.booter.ForkedBooter.main(ForkedBooter.java:74)
... Removed 26 stack frames</pre></div><a href='#' onClick='toggleBox("stack-trace1988043041", this, "Click to show all stack frames", "Click to hide stack frames")'>Click to show all stack frames</a>
<div class='stack-trace' id='stack-trace1988043041'><pre>Statement error

	at com.sysgears.calculatorserver.kernell.calculation.Calculator.calculate(Calculator.java:47)
	at com.sysgears.calculatorserver.kernell.calculation.UTestCalculator.calculateStatementErrorExceptionTest(UTestCalculator.java:121)
	at sun.reflect.NativeMethodAccessorImpl.invoke0(Native Method)
	at sun.reflect.NativeMethodAccessorImpl.invoke(NativeMethodAccessorImpl.java:57)
	at sun.reflect.DelegatingMethodAccessorImpl.invoke(DelegatingMethodAccessorImpl.java:43)
	at java.lang.reflect.Method.invoke(Method.java:601)
	at org.testng.internal.MethodInvocationHelper.invokeMethod(MethodInvocationHelper.java:80)
	at org.testng.internal.Invoker.invokeMethod(Invoker.java:673)
	at org.testng.internal.Invoker.invokeTestMethod(Invoker.java:842)
	at org.testng.internal.Invoker.invokeTestMethods(Invoker.java:1166)
	at org.testng.internal.TestMethodWorker.invokeTestMethods(TestMethodWorker.java:125)
	at org.testng.internal.TestMethodWorker.run(TestMethodWorker.java:109)
	at org.testng.TestRunner.runWorkers(TestRunner.java:1178)
	at org.testng.TestRunner.privateRun(TestRunner.java:757)
	at org.testng.TestRunner.run(TestRunner.java:608)
	at org.testng.SuiteRunner.runTest(SuiteRunner.java:334)
	at org.testng.SuiteRunner.runSequentially(SuiteRunner.java:329)
	at org.testng.SuiteRunner.privateRun(SuiteRunner.java:291)
	at org.testng.SuiteRunner.run(SuiteRunner.java:240)
	at org.testng.SuiteRunnerWorker.runSuite(SuiteRunnerWorker.java:52)
	at org.testng.SuiteRunnerWorker.run(SuiteRunnerWorker.java:86)
	at org.testng.TestNG.runSuitesSequentially(TestNG.java:1158)
	at org.testng.TestNG.runSuitesLocally(TestNG.java:1083)
	at org.testng.TestNG.run(TestNG.java:999)
	at org.apache.maven.surefire.testng.TestNGExecutor.run(TestNGExecutor.java:76)
	at org.apache.maven.surefire.testng.TestNGDirectoryTestSuite.executeMulti(TestNGDirectoryTestSuite.java:161)
	at org.apache.maven.surefire.testng.TestNGDirectoryTestSuite.execute(TestNGDirectoryTestSuite.java:101)
	at org.apache.maven.surefire.testng.TestNGProvider.invoke(TestNGProvider.java:115)
	at sun.reflect.NativeMethodAccessorImpl.invoke0(Native Method)
	at sun.reflect.NativeMethodAccessorImpl.invoke(NativeMethodAccessorImpl.java:57)
	at sun.reflect.DelegatingMethodAccessorImpl.invoke(DelegatingMethodAccessorImpl.java:43)
	at java.lang.reflect.Method.invoke(Method.java:601)
	at org.apache.maven.surefire.util.ReflectionUtils.invokeMethodWithArray(ReflectionUtils.java:189)
	at org.apache.maven.surefire.booter.ProviderFactory$ProviderProxy.invoke(ProviderFactory.java:165)
	at org.apache.maven.surefire.booter.ProviderFactory.invokeProvider(ProviderFactory.java:85)
	at org.apache.maven.surefire.booter.ForkedBooter.runSuitesInProcess(ForkedBooter.java:103)
	at org.apache.maven.surefire.booter.ForkedBooter.main(ForkedBooter.java:74)
</pre></div></td>
<td>0</td>
<td>com.sysgears.calculatorserver.kernell.calculation.UTestCalculator@72039954</td></tr>
<tr>
<td title='com.sysgears.calculatorserver.kernell.calculation.UTestCalculator.calculateTest()'><b>calculateTest</b><br>Test class: com.sysgears.calculatorserver.kernell.calculation.UTestCalculator<br>Parameters: 2+4</td>
<td></td>
<td>0</td>
<td>com.sysgears.calculatorserver.kernell.calculation.UTestCalculator@72039954</td></tr>
<tr>
<td title='com.sysgears.calculatorserver.kernell.calculation.UTestCalculator.findClothingBracketTest()'><b>findClothingBracketTest</b><br>Test class: com.sysgears.calculatorserver.kernell.calculation.UTestCalculator</td>
<td></td>
<td>0</td>
<td>com.sysgears.calculatorserver.kernell.calculation.UTestCalculator@72039954</td></tr>
<tr>
<td title='com.sysgears.calculatorserver.kernell.calculation.UTestCalculator.findClothingBracketTestIllegalArgument()'><b>findClothingBracketTestIllegalArgument</b><br>Test class: com.sysgears.calculatorserver.kernell.calculation.UTestCalculator</td>
<td><div><pre>java.lang.reflect.InvocationTargetException
	at com.sysgears.calculatorserver.kernell.calculation.UTestCalculator.findClothingBracketTestIllegalArgument(UTestCalculator.java:142)
	at org.apache.maven.surefire.testng.TestNGExecutor.run(TestNGExecutor.java:76)
	at org.apache.maven.surefire.testng.TestNGDirectoryTestSuite.executeMulti(TestNGDirectoryTestSuite.java:161)
	at org.apache.maven.surefire.testng.TestNGDirectoryTestSuite.execute(TestNGDirectoryTestSuite.java:101)
	at org.apache.maven.surefire.testng.TestNGProvider.invoke(TestNGProvider.java:115)
	at org.apache.maven.surefire.util.ReflectionUtils.invokeMethodWithArray(ReflectionUtils.java:189)
	at org.apache.maven.surefire.booter.ProviderFactory$ProviderProxy.invoke(ProviderFactory.java:165)
	at org.apache.maven.surefire.booter.ProviderFactory.invokeProvider(ProviderFactory.java:85)
	at org.apache.maven.surefire.booter.ForkedBooter.runSuitesInProcess(ForkedBooter.java:103)
	at org.apache.maven.surefire.booter.ForkedBooter.main(ForkedBooter.java:74)
Caused by: java.lang.IllegalArgumentException: No brackets
	at com.sysgears.calculatorserver.kernell.calculation.Calculator.findClothingBracket(Calculator.java:210)
	... 40 more
... Removed 30 stack frames</pre></div><a href='#' onClick='toggleBox("stack-trace1143317399", this, "Click to show all stack frames", "Click to hide stack frames")'>Click to show all stack frames</a>
<div class='stack-trace' id='stack-trace1143317399'><pre>java.lang.reflect.InvocationTargetException
	at sun.reflect.NativeMethodAccessorImpl.invoke0(Native Method)
	at sun.reflect.NativeMethodAccessorImpl.invoke(NativeMethodAccessorImpl.java:57)
	at sun.reflect.DelegatingMethodAccessorImpl.invoke(DelegatingMethodAccessorImpl.java:43)
	at java.lang.reflect.Method.invoke(Method.java:601)
	at com.sysgears.calculatorserver.kernell.calculation.UTestCalculator.findClothingBracketTestIllegalArgument(UTestCalculator.java:142)
	at sun.reflect.NativeMethodAccessorImpl.invoke0(Native Method)
	at sun.reflect.NativeMethodAccessorImpl.invoke(NativeMethodAccessorImpl.java:57)
	at sun.reflect.DelegatingMethodAccessorImpl.invoke(DelegatingMethodAccessorImpl.java:43)
	at java.lang.reflect.Method.invoke(Method.java:601)
	at org.testng.internal.MethodInvocationHelper.invokeMethod(MethodInvocationHelper.java:80)
	at org.testng.internal.Invoker.invokeMethod(Invoker.java:673)
	at org.testng.internal.Invoker.invokeTestMethod(Invoker.java:842)
	at org.testng.internal.Invoker.invokeTestMethods(Invoker.java:1166)
	at org.testng.internal.TestMethodWorker.invokeTestMethods(TestMethodWorker.java:125)
	at org.testng.internal.TestMethodWorker.run(TestMethodWorker.java:109)
	at org.testng.TestRunner.runWorkers(TestRunner.java:1178)
	at org.testng.TestRunner.privateRun(TestRunner.java:757)
	at org.testng.TestRunner.run(TestRunner.java:608)
	at org.testng.SuiteRunner.runTest(SuiteRunner.java:334)
	at org.testng.SuiteRunner.runSequentially(SuiteRunner.java:329)
	at org.testng.SuiteRunner.privateRun(SuiteRunner.java:291)
	at org.testng.SuiteRunner.run(SuiteRunner.java:240)
	at org.testng.SuiteRunnerWorker.runSuite(SuiteRunnerWorker.java:52)
	at org.testng.SuiteRunnerWorker.run(SuiteRunnerWorker.java:86)
	at org.testng.TestNG.runSuitesSequentially(TestNG.java:1158)
	at org.testng.TestNG.runSuitesLocally(TestNG.java:1083)
	at org.testng.TestNG.run(TestNG.java:999)
	at org.apache.maven.surefire.testng.TestNGExecutor.run(TestNGExecutor.java:76)
	at org.apache.maven.surefire.testng.TestNGDirectoryTestSuite.executeMulti(TestNGDirectoryTestSuite.java:161)
	at org.apache.maven.surefire.testng.TestNGDirectoryTestSuite.execute(TestNGDirectoryTestSuite.java:101)
	at org.apache.maven.surefire.testng.TestNGProvider.invoke(TestNGProvider.java:115)
	at sun.reflect.NativeMethodAccessorImpl.invoke0(Native Method)
	at sun.reflect.NativeMethodAccessorImpl.invoke(NativeMethodAccessorImpl.java:57)
	at sun.reflect.DelegatingMethodAccessorImpl.invoke(DelegatingMethodAccessorImpl.java:43)
	at java.lang.reflect.Method.invoke(Method.java:601)
	at org.apache.maven.surefire.util.ReflectionUtils.invokeMethodWithArray(ReflectionUtils.java:189)
	at org.apache.maven.surefire.booter.ProviderFactory$ProviderProxy.invoke(ProviderFactory.java:165)
	at org.apache.maven.surefire.booter.ProviderFactory.invokeProvider(ProviderFactory.java:85)
	at org.apache.maven.surefire.booter.ForkedBooter.runSuitesInProcess(ForkedBooter.java:103)
	at org.apache.maven.surefire.booter.ForkedBooter.main(ForkedBooter.java:74)
Caused by: java.lang.IllegalArgumentException: No brackets
	at com.sysgears.calculatorserver.kernell.calculation.Calculator.findClothingBracket(Calculator.java:210)
	... 40 more
</pre></div></td>
<td>0</td>
<td>com.sysgears.calculatorserver.kernell.calculation.UTestCalculator@72039954</td></tr>
<tr>
<td title='com.sysgears.calculatorserver.kernell.calculation.UTestCalculator.subCalculateTest()'><b>subCalculateTest</b><br>Test class: com.sysgears.calculatorserver.kernell.calculation.UTestCalculator<br>Parameters: 5x8</td>
<td></td>
<td>0</td>
<td>com.sysgears.calculatorserver.kernell.calculation.UTestCalculator@72039954</td></tr>
<tr>
<td title='com.sysgears.calculatorserver.kernell.calculation.UTestCalculator.subCalculateTest()'><b>subCalculateTest</b><br>Test class: com.sysgears.calculatorserver.kernell.calculation.UTestCalculator<br>Parameters: 40</td>
<td></td>
<td>0</td>
<td>com.sysgears.calculatorserver.kernell.calculation.UTestCalculator@72039954</td></tr>
<tr>
<td title='com.sysgears.calculatorserver.kernell.calculation.UTestCalculator.subCalculateTest()'><b>subCalculateTest</b><br>Test class: com.sysgears.calculatorserver.kernell.calculation.UTestCalculator<br>Parameters: 80/2</td>
<td></td>
<td>0</td>
<td>com.sysgears.calculatorserver.kernell.calculation.UTestCalculator@72039954</td></tr>
<tr>
<td title='com.sysgears.calculatorserver.kernell.UTestOperations.testAdd()'><b>testAdd</b><br>Test class: com.sysgears.calculatorserver.kernell.UTestOperations</td>
<td></td>
<td>0</td>
<td>com.sysgears.calculatorserver.kernell.UTestOperations@5a6597d1</td></tr>
<tr>
<td title='com.sysgears.calculatorserver.kernell.cache.UTestCache.testAddToCacheAdd()'><b>testAddToCacheAdd</b><br>Test class: com.sysgears.calculatorserver.kernell.cache.UTestCache</td>
<td></td>
<td>0</td>
<td>com.sysgears.calculatorserver.kernell.cache.UTestCache@43d248b4</td></tr>
<tr>
<td title='com.sysgears.calculatorserver.kernell.cache.UTestCache.testAddToCacheOverflow()'><b>testAddToCacheOverflow</b><br>Test class: com.sysgears.calculatorserver.kernell.cache.UTestCache</td>
<td></td>
<td>0</td>
<td>com.sysgears.calculatorserver.kernell.cache.UTestCache@43d248b4</td></tr>
<tr>
<td title='com.sysgears.calculatorserver.kernell.cache.UTestCache.testClearCache()'><b>testClearCache</b><br>Test class: com.sysgears.calculatorserver.kernell.cache.UTestCache</td>
<td></td>
<td>0</td>
<td>com.sysgears.calculatorserver.kernell.cache.UTestCache@43d248b4</td></tr>
<tr>
<td title='com.sysgears.calculatorserver.server.UTestCalculationThreadFactory.testCreateThread()'><b>testCreateThread</b><br>Test class: com.sysgears.calculatorserver.server.UTestCalculationThreadFactory</td>
<td></td>
<td>0</td>
<td>com.sysgears.calculatorserver.server.UTestCalculationThreadFactory@2157a5c3</td></tr>
<tr>
<td title='com.sysgears.calculatorserver.kernell.UTestOperations.testDivide()'><b>testDivide</b><br>Test class: com.sysgears.calculatorserver.kernell.UTestOperations</td>
<td></td>
<td>0</td>
<td>com.sysgears.calculatorserver.kernell.UTestOperations@5a6597d1</td></tr>
<tr>
<td title='com.sysgears.calculatorserver.kernell.UTestOperations.testDivideZeroException()'><b>testDivideZeroException</b><br>Test class: com.sysgears.calculatorserver.kernell.UTestOperations</td>
<td><div><pre>
first operand = 100500.0
second operand = 0.0

	at com.sysgears.calculatorserver.kernell.Operations.divide(Operations.java:56)
	at com.sysgears.calculatorserver.kernell.UTestOperations.testDivideZeroException(UTestOperations.java:24)
	at org.apache.maven.surefire.testng.TestNGExecutor.run(TestNGExecutor.java:76)
	at org.apache.maven.surefire.testng.TestNGDirectoryTestSuite.executeMulti(TestNGDirectoryTestSuite.java:161)
	at org.apache.maven.surefire.testng.TestNGDirectoryTestSuite.execute(TestNGDirectoryTestSuite.java:101)
	at org.apache.maven.surefire.testng.TestNGProvider.invoke(TestNGProvider.java:115)
	at org.apache.maven.surefire.util.ReflectionUtils.invokeMethodWithArray(ReflectionUtils.java:189)
	at org.apache.maven.surefire.booter.ProviderFactory$ProviderProxy.invoke(ProviderFactory.java:165)
	at org.apache.maven.surefire.booter.ProviderFactory.invokeProvider(ProviderFactory.java:85)
	at org.apache.maven.surefire.booter.ForkedBooter.runSuitesInProcess(ForkedBooter.java:103)
	at org.apache.maven.surefire.booter.ForkedBooter.main(ForkedBooter.java:74)
... Removed 26 stack frames</pre></div><a href='#' onClick='toggleBox("stack-trace1078577841", this, "Click to show all stack frames", "Click to hide stack frames")'>Click to show all stack frames</a>
<div class='stack-trace' id='stack-trace1078577841'><pre>
first operand = 100500.0
second operand = 0.0

	at com.sysgears.calculatorserver.kernell.Operations.divide(Operations.java:56)
	at com.sysgears.calculatorserver.kernell.UTestOperations.testDivideZeroException(UTestOperations.java:24)
	at sun.reflect.NativeMethodAccessorImpl.invoke0(Native Method)
	at sun.reflect.NativeMethodAccessorImpl.invoke(NativeMethodAccessorImpl.java:57)
	at sun.reflect.DelegatingMethodAccessorImpl.invoke(DelegatingMethodAccessorImpl.java:43)
	at java.lang.reflect.Method.invoke(Method.java:601)
	at org.testng.internal.MethodInvocationHelper.invokeMethod(MethodInvocationHelper.java:80)
	at org.testng.internal.Invoker.invokeMethod(Invoker.java:673)
	at org.testng.internal.Invoker.invokeTestMethod(Invoker.java:842)
	at org.testng.internal.Invoker.invokeTestMethods(Invoker.java:1166)
	at org.testng.internal.TestMethodWorker.invokeTestMethods(TestMethodWorker.java:125)
	at org.testng.internal.TestMethodWorker.run(TestMethodWorker.java:109)
	at org.testng.TestRunner.runWorkers(TestRunner.java:1178)
	at org.testng.TestRunner.privateRun(TestRunner.java:757)
	at org.testng.TestRunner.run(TestRunner.java:608)
	at org.testng.SuiteRunner.runTest(SuiteRunner.java:334)
	at org.testng.SuiteRunner.runSequentially(SuiteRunner.java:329)
	at org.testng.SuiteRunner.privateRun(SuiteRunner.java:291)
	at org.testng.SuiteRunner.run(SuiteRunner.java:240)
	at org.testng.SuiteRunnerWorker.runSuite(SuiteRunnerWorker.java:52)
	at org.testng.SuiteRunnerWorker.run(SuiteRunnerWorker.java:86)
	at org.testng.TestNG.runSuitesSequentially(TestNG.java:1158)
	at org.testng.TestNG.runSuitesLocally(TestNG.java:1083)
	at org.testng.TestNG.run(TestNG.java:999)
	at org.apache.maven.surefire.testng.TestNGExecutor.run(TestNGExecutor.java:76)
	at org.apache.maven.surefire.testng.TestNGDirectoryTestSuite.executeMulti(TestNGDirectoryTestSuite.java:161)
	at org.apache.maven.surefire.testng.TestNGDirectoryTestSuite.execute(TestNGDirectoryTestSuite.java:101)
	at org.apache.maven.surefire.testng.TestNGProvider.invoke(TestNGProvider.java:115)
	at sun.reflect.NativeMethodAccessorImpl.invoke0(Native Method)
	at sun.reflect.NativeMethodAccessorImpl.invoke(NativeMethodAccessorImpl.java:57)
	at sun.reflect.DelegatingMethodAccessorImpl.invoke(DelegatingMethodAccessorImpl.java:43)
	at java.lang.reflect.Method.invoke(Method.java:601)
	at org.apache.maven.surefire.util.ReflectionUtils.invokeMethodWithArray(ReflectionUtils.java:189)
	at org.apache.maven.surefire.booter.ProviderFactory$ProviderProxy.invoke(ProviderFactory.java:165)
	at org.apache.maven.surefire.booter.ProviderFactory.invokeProvider(ProviderFactory.java:85)
	at org.apache.maven.surefire.booter.ForkedBooter.runSuitesInProcess(ForkedBooter.java:103)
	at org.apache.maven.surefire.booter.ForkedBooter.main(ForkedBooter.java:74)
</pre></div></td>
<td>0</td>
<td>com.sysgears.calculatorserver.kernell.UTestOperations@5a6597d1</td></tr>
<tr>
<td title='com.sysgears.calculatorserver.server.UTestCalculationThread.testGetAndProcessStatement()'><b>testGetAndProcessStatement</b><br>Test class: com.sysgears.calculatorserver.server.UTestCalculationThread<br>Parameters: 2+2</td>
<td></td>
<td>0</td>
<td>com.sysgears.calculatorserver.server.UTestCalculationThread@4a479446</td></tr>
<tr>
<td title='com.sysgears.calculatorserver.server.UTestCalculationThread.testGetAndProcessStatement()'><b>testGetAndProcessStatement</b><br>Test class: com.sysgears.calculatorserver.server.UTestCalculationThread<br>Parameters: foo</td>
<td></td>
<td>0</td>
<td>com.sysgears.calculatorserver.server.UTestCalculationThread@4a479446</td></tr>
<tr>
<td title='com.sysgears.calculatorserver.kernell.calculation.UTestAnswerSearcher.testGetAnswer()'><b>testGetAnswer</b><br>Test class: com.sysgears.calculatorserver.kernell.calculation.UTestAnswerSearcher<br>Parameters: cache</td>
<td></td>
<td>0</td>
<td>com.sysgears.calculatorserver.kernell.calculation.UTestAnswerSearcher@cd30557</td></tr>
<tr>
<td title='com.sysgears.calculatorserver.kernell.calculation.UTestAnswerSearcher.testGetAnswer()'><b>testGetAnswer</b><br>Test class: com.sysgears.calculatorserver.kernell.calculation.UTestAnswerSearcher<br>Parameters: foo</td>
<td></td>
<td>0</td>
<td>com.sysgears.calculatorserver.kernell.calculation.UTestAnswerSearcher@cd30557</td></tr>
<tr>
<td title='com.sysgears.calculatorserver.kernell.UTestOperations.testMultiply()'><b>testMultiply</b><br>Test class: com.sysgears.calculatorserver.kernell.UTestOperations</td>
<td></td>
<td>0</td>
<td>com.sysgears.calculatorserver.kernell.UTestOperations@5a6597d1</td></tr>
<tr>
<td title='com.sysgears.calculatorserver.server.UTestCalculationThread.testNormalizeStatement()'><b>testNormalizeStatement</b><br>Test class: com.sysgears.calculatorserver.server.UTestCalculationThread<br>Parameters: 1, 2++2
</td>
<td></td>
<td>0</td>
<td>com.sysgears.calculatorserver.server.UTestCalculationThread@4a479446</td></tr>
<tr>
<td title='com.sysgears.calculatorserver.server.UTestCalculationThread.testNormalizeStatement()'><b>testNormalizeStatement</b><br>Test class: com.sysgears.calculatorserver.server.UTestCalculationThread<br>Parameters: 1, 2--2</td>
<td></td>
<td>0</td>
<td>com.sysgears.calculatorserver.server.UTestCalculationThread@4a479446</td></tr>
<tr>
<td title='com.sysgears.calculatorserver.server.UTestCalculationThread.testNormalizeStatement()'><b>testNormalizeStatement</b><br>Test class: com.sysgears.calculatorserver.server.UTestCalculationThread<br>Parameters: 2, 2+-2
</td>
<td></td>
<td>0</td>
<td>com.sysgears.calculatorserver.server.UTestCalculationThread@4a479446</td></tr>
<tr>
<td title='com.sysgears.calculatorserver.server.UTestCalculationThread.testNormalizeStatement()'><b>testNormalizeStatement</b><br>Test class: com.sysgears.calculatorserver.server.UTestCalculationThread<br>Parameters: 2, 2-+2</td>
<td></td>
<td>0</td>
<td>com.sysgears.calculatorserver.server.UTestCalculationThread@4a479446</td></tr>
<tr>
<td title='com.sysgears.calculatorserver.server.UTestCalculationThread.testNormalizeStatement()'><b>testNormalizeStatement</b><br>Test class: com.sysgears.calculatorserver.server.UTestCalculationThread<br>Parameters: 3, +-2--2</td>
<td></td>
<td>0</td>
<td>com.sysgears.calculatorserver.server.UTestCalculationThread@4a479446</td></tr>
<tr>
<td title='com.sysgears.calculatorserver.server.UTestCalculationThread.testNormalizeStatement()'><b>testNormalizeStatement</b><br>Test class: com.sysgears.calculatorserver.server.UTestCalculationThread<br>Parameters: 3, -2+2</td>
<td></td>
<td>0</td>
<td>com.sysgears.calculatorserver.server.UTestCalculationThread@4a479446</td></tr>
<tr>
<td title='com.sysgears.calculatorserver.server.UTestCalculationThread.testProcessStatement()'><b>testProcessStatement</b><br>Test class: com.sysgears.calculatorserver.server.UTestCalculationThread<br>Parameters: 2+2</td>
<td></td>
<td>0</td>
<td>com.sysgears.calculatorserver.server.UTestCalculationThread@4a479446</td></tr>
<tr>
<td title='com.sysgears.calculatorserver.server.UTestCalculationThread.testProcessStatement()'><b>testProcessStatement</b><br>Test class: com.sysgears.calculatorserver.server.UTestCalculationThread<br>Parameters: foo</td>
<td></td>
<td>0</td>
<td>com.sysgears.calculatorserver.server.UTestCalculationThread@4a479446</td></tr>
<tr>
<td title='com.sysgears.calculatorserver.kernell.cache.UTestCache.testSaveCache()'><b>testSaveCache</b><br>Test class: com.sysgears.calculatorserver.kernell.cache.UTestCache</td>
<td></td>
<td>0</td>
<td>com.sysgears.calculatorserver.kernell.cache.UTestCache@43d248b4</td></tr>
<tr>
<td title='com.sysgears.calculatorserver.kernell.cache.UTestCache.testSearchInCache()'><b>testSearchInCache</b><br>Test class: com.sysgears.calculatorserver.kernell.cache.UTestCache</td>
<td></td>
<td>0</td>
<td>com.sysgears.calculatorserver.kernell.cache.UTestCache@43d248b4</td></tr>
<tr>
<td title='com.sysgears.calculatorserver.kernell.calculation.UTestCalculator.validateRegExpTest()'><b>validateRegExpTest</b><br>Test class: com.sysgears.calculatorserver.kernell.calculation.UTestCalculator<br>Parameters: (2+3)+17/8)11-(7</td>
<td></td>
<td>0</td>
<td>com.sysgears.calculatorserver.kernell.calculation.UTestCalculator@72039954</td></tr>
<tr>
<td title='com.sysgears.calculatorserver.kernell.calculation.UTestCalculator.validateRegExpTest()'><b>validateRegExpTest</b><br>Test class: com.sysgears.calculatorserver.kernell.calculation.UTestCalculator<br>Parameters: 0</td>
<td></td>
<td>0</td>
<td>com.sysgears.calculatorserver.kernell.calculation.UTestCalculator@72039954</td></tr>
<tr>
<td title='com.sysgears.calculatorserver.kernell.calculation.UTestCalculator.validateRegExpTest()'><b>validateRegExpTest</b><br>Test class: com.sysgears.calculatorserver.kernell.calculation.UTestCalculator<br>Parameters: 5656+55-44x6569</td>
<td></td>
<td>0</td>
<td>com.sysgears.calculatorserver.kernell.calculation.UTestCalculator@72039954</td></tr>
</table><p>
<table width='100%' border='1' class='invocation-skipped'>
<tr><td colspan='4' align='center'><b>SKIPPED TESTS</b></td></tr>
<tr><td><b>Test method</b></td>
<td width="30%"><b>Exception</b></td>
<td width="10%"><b>Time (seconds)</b></td>
<td><b>Instance</b></td>
</tr>
<tr>
<td title='com.sysgears.calculatorserver.kernell.cache.UTestSaveLoadCache.testLoadFile()'><b>testLoadFile</b><br>Test class: com.sysgears.calculatorserver.kernell.cache.UTestSaveLoadCache</td>
<td></td>
<td>0</td>
<td>com.sysgears.calculatorserver.kernell.cache.UTestSaveLoadCache@22a34435</td></tr>
<tr>
<td title='com.sysgears.calculatorserver.kernell.cache.UTestSaveLoadCache.testWriteFile()'><b>testWriteFile</b><br>Test class: com.sysgears.calculatorserver.kernell.cache.UTestSaveLoadCache</td>
<td></td>
<td>0</td>
<td>com.sysgears.calculatorserver.kernell.cache.UTestSaveLoadCache@22a34435</td></tr>
</table><p>
</body>
</html>